2016-12-26 20:07:06,863:INFO:Begin to initialize features
2016-12-26 20:07:06,865:INFO:Loading Testing Cases
2016-12-26 20:07:06,865:INFO:50 testing cases, 44 sparse item testing cases
2016-12-26 20:07:06,995:INFO:GLOBAL:0.2400:0.4800:0.6400:0.8600:1.0000:1.0000
2016-12-26 20:07:06,995:INFO:SPARSE:0.2727:0.5000:0.6818:0.8864:1.0000:1.0000
2016-12-26 20:07:07,117:INFO:GLOBAL:0.2600:0.4200:0.6800:0.8600:1.0000:1.0000
2016-12-26 20:07:07,117:INFO:SPARSE:0.2955:0.4318:0.7273:0.8864:1.0000:1.0000
2016-12-26 20:07:07,342:INFO:GLOBAL:0.2600:0.4200:0.6400:0.8800:1.0000:1.0000
2016-12-26 20:07:07,342:INFO:SPARSE:0.2955:0.4318:0.6818:0.9091:1.0000:1.0000
2016-12-26 20:07:07,468:INFO:GLOBAL:0.2600:0.4200:0.6400:0.9000:1.0000:1.0000
2016-12-26 20:07:07,469:INFO:SPARSE:0.2955:0.4318:0.6818:0.9318:1.0000:1.0000
2016-12-26 20:07:07,591:INFO:GLOBAL:0.2600:0.4200:0.6400:0.9000:1.0000:1.0000
2016-12-26 20:07:07,592:INFO:SPARSE:0.2955:0.4318:0.6818:0.9318:1.0000:1.0000
2016-12-26 20:07:07,815:INFO:GLOBAL:0.2600:0.4200:0.6400:0.9000:1.0000:1.0000
2016-12-26 20:07:07,815:INFO:SPARSE:0.2955:0.4318:0.6818:0.9318:1.0000:1.0000
2016-12-26 20:07:07,940:INFO:GLOBAL:0.2600:0.4200:0.6400:0.9000:1.0000:1.0000
2016-12-26 20:07:07,941:INFO:SPARSE:0.2955:0.4318:0.6818:0.9318:1.0000:1.0000
2016-12-26 20:07:08,067:INFO:GLOBAL:0.2600:0.4200:0.6400:0.9000:1.0000:1.0000
2016-12-26 20:07:08,067:INFO:SPARSE:0.2955:0.4318:0.6818:0.9318:1.0000:1.0000
2016-12-26 20:07:08,293:INFO:GLOBAL:0.2600:0.4200:0.6400:0.9000:1.0000:1.0000
2016-12-26 20:07:08,293:INFO:SPARSE:0.2955:0.4318:0.6818:0.9318:1.0000:1.0000
2016-12-26 20:07:08,417:INFO:GLOBAL:0.2600:0.4200:0.6400:0.9000:1.0000:1.0000
2016-12-26 20:07:08,418:INFO:SPARSE:0.2955:0.4318:0.6818:0.9318:1.0000:1.0000
2016-12-26 20:07:08,544:INFO:GLOBAL:0.2600:0.4200:0.6400:0.9000:1.0000:1.0000
2016-12-26 20:07:08,544:INFO:SPARSE:0.2955:0.4318:0.6818:0.9318:1.0000:1.0000
2016-12-26 20:07:08,670:INFO:GLOBAL:0.2600:0.4400:0.6400:0.9000:1.0000:1.0000
2016-12-26 20:07:08,670:INFO:SPARSE:0.2955:0.4545:0.6818:0.9318:1.0000:1.0000
2016-12-26 20:07:08,796:INFO:GLOBAL:0.2600:0.4400:0.6400:0.9000:1.0000:1.0000
2016-12-26 20:07:08,797:INFO:SPARSE:0.2955:0.4545:0.6818:0.9318:1.0000:1.0000
2016-12-26 20:07:08,922:INFO:GLOBAL:0.2600:0.4400:0.6400:0.9200:1.0000:1.0000
2016-12-26 20:07:08,922:INFO:SPARSE:0.2955:0.4545:0.6818:0.9545:1.0000:1.0000
2016-12-26 20:07:09,145:INFO:GLOBAL:0.2800:0.4400:0.6400:0.9200:1.0000:1.0000
2016-12-26 20:07:09,146:INFO:SPARSE:0.3182:0.4545:0.6818:0.9545:1.0000:1.0000
2016-12-26 20:07:09,267:INFO:GLOBAL:0.3000:0.4400:0.6400:0.9200:1.0000:1.0000
2016-12-26 20:07:09,268:INFO:SPARSE:0.3409:0.4545:0.6818:0.9545:1.0000:1.0000
2016-12-26 20:07:09,492:INFO:GLOBAL:0.3200:0.4400:0.6400:0.9200:1.0000:1.0000
2016-12-26 20:07:09,492:INFO:SPARSE:0.3409:0.4545:0.6818:0.9545:1.0000:1.0000
2016-12-26 20:07:09,619:INFO:GLOBAL:0.3200:0.4400:0.6600:0.9200:1.0000:1.0000
2016-12-26 20:07:09,620:INFO:SPARSE:0.3409:0.4545:0.6818:0.9545:1.0000:1.0000
2016-12-26 20:07:09,847:INFO:GLOBAL:0.3200:0.4400:0.6600:0.9200:1.0000:1.0000
2016-12-26 20:07:09,847:INFO:SPARSE:0.3409:0.4545:0.6818:0.9545:1.0000:1.0000
2016-12-26 20:07:10,073:INFO:GLOBAL:0.3200:0.4400:0.6800:0.9200:1.0000:1.0000
2016-12-26 20:07:10,073:INFO:SPARSE:0.3409:0.4545:0.7045:0.9545:1.0000:1.0000
2016-12-26 20:07:10,295:INFO:GLOBAL:0.3200:0.4400:0.6800:0.9200:1.0000:1.0000
2016-12-26 20:07:10,296:INFO:SPARSE:0.3409:0.4545:0.7045:0.9545:1.0000:1.0000
2016-12-26 20:07:10,520:INFO:GLOBAL:0.3200:0.4600:0.6800:0.9200:1.0000:1.0000
2016-12-26 20:07:10,520:INFO:SPARSE:0.3409:0.4773:0.7045:0.9545:1.0000:1.0000
2016-12-26 20:07:10,643:INFO:GLOBAL:0.3200:0.4600:0.6800:0.9200:1.0000:1.0000
2016-12-26 20:07:10,644:INFO:SPARSE:0.3409:0.4773:0.7045:0.9545:1.0000:1.0000
2016-12-26 20:07:10,868:INFO:GLOBAL:0.3200:0.4600:0.6800:0.9200:1.0000:1.0000
2016-12-26 20:07:10,869:INFO:SPARSE:0.3409:0.4773:0.7045:0.9545:1.0000:1.0000
2016-12-26 20:07:11,094:INFO:GLOBAL:0.3200:0.4600:0.6800:0.9200:1.0000:1.0000
2016-12-26 20:07:11,095:INFO:SPARSE:0.3409:0.4773:0.7045:0.9545:1.0000:1.0000
2016-12-26 20:07:11,217:INFO:GLOBAL:0.3200:0.4600:0.6800:0.9200:1.0000:1.0000
2016-12-26 20:07:11,218:INFO:SPARSE:0.3409:0.4773:0.7045:0.9545:1.0000:1.0000
2016-12-26 20:07:11,338:INFO:GLOBAL:0.3200:0.4600:0.6800:0.9200:1.0000:1.0000
2016-12-26 20:07:11,339:INFO:SPARSE:0.3409:0.4773:0.7045:0.9545:1.0000:1.0000
2016-12-26 20:07:11,566:INFO:GLOBAL:0.3200:0.4600:0.6800:0.9200:1.0000:1.0000
2016-12-26 20:07:11,566:INFO:SPARSE:0.3409:0.4773:0.7045:0.9545:1.0000:1.0000
2016-12-26 20:07:11,791:INFO:GLOBAL:0.3200:0.4600:0.6800:0.9200:1.0000:1.0000
2016-12-26 20:07:11,791:INFO:SPARSE:0.3409:0.4773:0.7045:0.9545:1.0000:1.0000
2016-12-26 20:07:11,917:INFO:GLOBAL:0.3200:0.4600:0.7000:0.9200:1.0000:1.0000
2016-12-26 20:07:11,917:INFO:SPARSE:0.3409:0.4773:0.7045:0.9545:1.0000:1.0000
2016-12-26 20:07:12,043:INFO:GLOBAL:0.3200:0.4600:0.7000:0.9200:1.0000:1.0000
2016-12-26 20:07:12,044:INFO:SPARSE:0.3409:0.4773:0.7045:0.9545:1.0000:1.0000
2016-12-26 20:07:12,263:INFO:GLOBAL:0.3200:0.4600:0.7000:0.9200:1.0000:1.0000
2016-12-26 20:07:12,264:INFO:SPARSE:0.3409:0.4773:0.7045:0.9545:1.0000:1.0000
2016-12-26 20:07:12,488:INFO:GLOBAL:0.3200:0.4600:0.7000:0.9200:1.0000:1.0000
2016-12-26 20:07:12,488:INFO:SPARSE:0.3409:0.4773:0.7045:0.9545:1.0000:1.0000
2016-12-26 20:07:12,611:INFO:GLOBAL:0.3200:0.4600:0.7000:0.9200:1.0000:1.0000
2016-12-26 20:07:12,611:INFO:SPARSE:0.3409:0.4773:0.7045:0.9545:1.0000:1.0000
2016-12-26 20:07:12,733:INFO:GLOBAL:0.3200:0.4600:0.7000:0.9200:1.0000:1.0000
2016-12-26 20:07:12,733:INFO:SPARSE:0.3409:0.4773:0.7045:0.9545:1.0000:1.0000
2016-12-26 20:07:12,857:INFO:GLOBAL:0.3400:0.4600:0.7000:0.9200:1.0000:1.0000
2016-12-26 20:07:12,857:INFO:SPARSE:0.3636:0.4773:0.7045:0.9545:1.0000:1.0000
2016-12-26 20:07:13,085:INFO:GLOBAL:0.3400:0.4600:0.7000:0.9200:1.0000:1.0000
2016-12-26 20:07:13,086:INFO:SPARSE:0.3636:0.4773:0.7045:0.9545:1.0000:1.0000
2016-12-26 20:07:13,224:INFO:GLOBAL:0.3400:0.4600:0.7000:0.9200:1.0000:1.0000
2016-12-26 20:07:13,225:INFO:SPARSE:0.3636:0.4773:0.7045:0.9545:1.0000:1.0000
2016-12-26 20:07:13,349:INFO:GLOBAL:0.3400:0.4600:0.7000:0.9200:1.0000:1.0000
2016-12-26 20:07:13,350:INFO:SPARSE:0.3636:0.4773:0.7045:0.9545:1.0000:1.0000
2016-12-26 20:07:13,474:INFO:GLOBAL:0.3400:0.4600:0.7000:0.9200:1.0000:1.0000
2016-12-26 20:07:13,475:INFO:SPARSE:0.3636:0.4773:0.7045:0.9545:1.0000:1.0000
2016-12-26 20:07:13,599:INFO:GLOBAL:0.3400:0.4600:0.7000:0.9200:1.0000:1.0000
2016-12-26 20:07:13,600:INFO:SPARSE:0.3636:0.4773:0.7045:0.9545:1.0000:1.0000
2016-12-26 20:07:13,822:INFO:GLOBAL:0.3400:0.4600:0.7000:0.9200:1.0000:1.0000
2016-12-26 20:07:13,823:INFO:SPARSE:0.3636:0.4773:0.7045:0.9545:1.0000:1.0000
2016-12-26 20:07:14,051:INFO:GLOBAL:0.3400:0.4600:0.7200:0.9200:1.0000:1.0000
2016-12-26 20:07:14,051:INFO:SPARSE:0.3636:0.4773:0.7273:0.9545:1.0000:1.0000
2016-12-26 20:07:14,174:INFO:GLOBAL:0.3400:0.4600:0.7200:0.9200:1.0000:1.0000
2016-12-26 20:07:14,174:INFO:SPARSE:0.3636:0.4773:0.7273:0.9545:1.0000:1.0000
2016-12-26 20:07:14,298:INFO:GLOBAL:0.3400:0.4800:0.7200:0.9200:1.0000:1.0000
2016-12-26 20:07:14,298:INFO:SPARSE:0.3636:0.5000:0.7273:0.9545:1.0000:1.0000
2016-12-26 20:07:14,420:INFO:GLOBAL:0.3400:0.4800:0.7200:0.9200:1.0000:1.0000
2016-12-26 20:07:14,421:INFO:SPARSE:0.3636:0.5000:0.7273:0.9545:1.0000:1.0000
2016-12-26 20:07:14,543:INFO:GLOBAL:0.3400:0.4800:0.7200:0.9200:1.0000:1.0000
2016-12-26 20:07:14,543:INFO:SPARSE:0.3636:0.5000:0.7273:0.9545:1.0000:1.0000
2016-12-26 20:07:14,664:INFO:GLOBAL:0.3400:0.4800:0.7200:0.9200:1.0000:1.0000
2016-12-26 20:07:14,664:INFO:SPARSE:0.3636:0.5000:0.7273:0.9545:1.0000:1.0000
2016-12-26 20:07:14,786:INFO:GLOBAL:0.3400:0.4800:0.7200:0.9200:1.0000:1.0000
2016-12-26 20:07:14,786:INFO:SPARSE:0.3636:0.5000:0.7273:0.9545:1.0000:1.0000
2016-12-26 20:07:14,908:INFO:GLOBAL:0.3400:0.4800:0.7200:0.9200:1.0000:1.0000
2016-12-26 20:07:14,908:INFO:SPARSE:0.3636:0.5000:0.7273:0.9545:1.0000:1.0000
2016-12-26 20:07:15,135:INFO:GLOBAL:0.3400:0.4800:0.7200:0.9200:1.0000:1.0000
2016-12-26 20:07:15,135:INFO:SPARSE:0.3636:0.5000:0.7273:0.9545:1.0000:1.0000
2016-12-26 20:07:15,257:INFO:GLOBAL:0.3400:0.4800:0.7200:0.9200:1.0000:1.0000
2016-12-26 20:07:15,258:INFO:SPARSE:0.3636:0.5000:0.7273:0.9545:1.0000:1.0000
2016-12-26 20:07:15,483:INFO:GLOBAL:0.3400:0.4800:0.7200:0.9200:1.0000:1.0000
2016-12-26 20:07:15,483:INFO:SPARSE:0.3636:0.5000:0.7273:0.9545:1.0000:1.0000
2016-12-26 20:07:15,608:INFO:GLOBAL:0.3400:0.4800:0.7200:0.9400:1.0000:1.0000
2016-12-26 20:07:15,608:INFO:SPARSE:0.3636:0.5000:0.7273:0.9773:1.0000:1.0000
2016-12-26 20:07:15,835:INFO:GLOBAL:0.3400:0.4800:0.7200:0.9600:1.0000:1.0000
2016-12-26 20:07:15,835:INFO:SPARSE:0.3636:0.5000:0.7273:0.9773:1.0000:1.0000
2016-12-26 20:07:16,056:INFO:GLOBAL:0.3400:0.4800:0.7200:0.9600:1.0000:1.0000
2016-12-26 20:07:16,056:INFO:SPARSE:0.3636:0.5000:0.7273:0.9773:1.0000:1.0000
2016-12-26 20:07:16,179:INFO:GLOBAL:0.3600:0.4800:0.7200:0.9600:1.0000:1.0000
2016-12-26 20:07:16,180:INFO:SPARSE:0.3864:0.5000:0.7273:0.9773:1.0000:1.0000
2016-12-26 20:07:16,403:INFO:GLOBAL:0.3600:0.4800:0.7200:0.9600:1.0000:1.0000
2016-12-26 20:07:16,404:INFO:SPARSE:0.3864:0.5000:0.7273:0.9773:1.0000:1.0000
2016-12-26 20:07:16,529:INFO:GLOBAL:0.3600:0.4800:0.7200:0.9800:1.0000:1.0000
2016-12-26 20:07:16,529:INFO:SPARSE:0.3864:0.5000:0.7273:0.9773:1.0000:1.0000
2016-12-26 20:07:16,656:INFO:GLOBAL:0.3600:0.4800:0.7200:0.9800:1.0000:1.0000
2016-12-26 20:07:16,656:INFO:SPARSE:0.3864:0.5000:0.7273:0.9773:1.0000:1.0000
2016-12-26 20:07:16,884:INFO:GLOBAL:0.3600:0.4800:0.7200:0.9800:1.0000:1.0000
2016-12-26 20:07:16,884:INFO:SPARSE:0.3864:0.5000:0.7273:0.9773:1.0000:1.0000
2016-12-26 20:07:17,112:INFO:GLOBAL:0.3600:0.4800:0.7200:0.9800:1.0000:1.0000
2016-12-26 20:07:17,113:INFO:SPARSE:0.3864:0.5000:0.7273:0.9773:1.0000:1.0000
2016-12-26 20:07:17,233:INFO:GLOBAL:0.3600:0.5000:0.7200:0.9800:1.0000:1.0000
2016-12-26 20:07:17,233:INFO:SPARSE:0.3864:0.5227:0.7273:0.9773:1.0000:1.0000
2016-12-26 20:07:17,456:INFO:GLOBAL:0.3600:0.5000:0.7400:0.9800:1.0000:1.0000
2016-12-26 20:07:17,457:INFO:SPARSE:0.3864:0.5227:0.7500:0.9773:1.0000:1.0000
2016-12-26 20:07:17,580:INFO:GLOBAL:0.3600:0.5000:0.7200:0.9800:1.0000:1.0000
2016-12-26 20:07:17,581:INFO:SPARSE:0.3864:0.5227:0.7273:0.9773:1.0000:1.0000
2016-12-26 20:07:17,702:INFO:GLOBAL:0.3600:0.5000:0.7400:0.9800:1.0000:1.0000
2016-12-26 20:07:17,702:INFO:SPARSE:0.3864:0.5227:0.7500:0.9773:1.0000:1.0000
2016-12-26 20:07:17,924:INFO:GLOBAL:0.3600:0.5000:0.7400:0.9800:1.0000:1.0000
2016-12-26 20:07:17,925:INFO:SPARSE:0.3864:0.5227:0.7500:0.9773:1.0000:1.0000
2016-12-26 20:07:18,050:INFO:GLOBAL:0.3600:0.5000:0.7400:0.9800:1.0000:1.0000
2016-12-26 20:07:18,050:INFO:SPARSE:0.3864:0.5227:0.7500:0.9773:1.0000:1.0000
2016-12-26 20:07:18,175:INFO:GLOBAL:0.3600:0.5000:0.7400:0.9800:1.0000:1.0000
2016-12-26 20:07:18,176:INFO:SPARSE:0.3864:0.5227:0.7500:0.9773:1.0000:1.0000
2016-12-26 20:07:18,397:INFO:GLOBAL:0.3600:0.5000:0.7400:0.9800:1.0000:1.0000
2016-12-26 20:07:18,398:INFO:SPARSE:0.3864:0.5227:0.7500:0.9773:1.0000:1.0000
2016-12-26 20:07:18,524:INFO:GLOBAL:0.3600:0.5000:0.7400:0.9800:1.0000:1.0000
2016-12-26 20:07:18,524:INFO:SPARSE:0.3864:0.5227:0.7500:0.9773:1.0000:1.0000
2016-12-26 20:07:18,646:INFO:GLOBAL:0.3600:0.5000:0.7400:0.9800:1.0000:1.0000
2016-12-26 20:07:18,647:INFO:SPARSE:0.3864:0.5227:0.7500:0.9773:1.0000:1.0000
2016-12-26 20:07:18,774:INFO:GLOBAL:0.3600:0.5000:0.7400:0.9800:1.0000:1.0000
2016-12-26 20:07:18,774:INFO:SPARSE:0.3864:0.5227:0.7500:0.9773:1.0000:1.0000
2016-12-26 20:07:18,999:INFO:GLOBAL:0.3600:0.5000:0.7400:0.9800:1.0000:1.0000
2016-12-26 20:07:18,999:INFO:SPARSE:0.3864:0.5227:0.7500:0.9773:1.0000:1.0000
2016-12-26 20:07:19,124:INFO:GLOBAL:0.3600:0.5200:0.7400:0.9800:1.0000:1.0000
2016-12-26 20:07:19,125:INFO:SPARSE:0.3864:0.5455:0.7500:0.9773:1.0000:1.0000
2016-12-26 20:07:19,350:INFO:GLOBAL:0.3600:0.5200:0.7400:0.9800:1.0000:1.0000
2016-12-26 20:07:19,351:INFO:SPARSE:0.3864:0.5455:0.7500:0.9773:1.0000:1.0000
2016-12-26 20:07:19,476:INFO:GLOBAL:0.3600:0.5200:0.7400:0.9800:1.0000:1.0000
2016-12-26 20:07:19,477:INFO:SPARSE:0.3864:0.5455:0.7500:0.9773:1.0000:1.0000
2016-12-26 20:07:19,602:INFO:GLOBAL:0.3600:0.5200:0.7400:0.9800:1.0000:1.0000
2016-12-26 20:07:19,603:INFO:SPARSE:0.3864:0.5455:0.7500:0.9773:1.0000:1.0000
2016-12-26 20:07:19,827:INFO:GLOBAL:0.3600:0.5200:0.7400:0.9800:1.0000:1.0000
2016-12-26 20:07:19,828:INFO:SPARSE:0.3864:0.5455:0.7500:0.9773:1.0000:1.0000
2016-12-26 20:07:19,952:INFO:GLOBAL:0.3600:0.5200:0.7400:0.9800:1.0000:1.0000
2016-12-26 20:07:19,953:INFO:SPARSE:0.3864:0.5455:0.7500:0.9773:1.0000:1.0000
2016-12-26 20:07:20,178:INFO:GLOBAL:0.3600:0.5200:0.7400:0.9800:1.0000:1.0000
2016-12-26 20:07:20,179:INFO:SPARSE:0.3864:0.5455:0.7500:0.9773:1.0000:1.0000
2016-12-26 20:07:20,401:INFO:GLOBAL:0.3600:0.5200:0.7400:0.9800:1.0000:1.0000
2016-12-26 20:07:20,402:INFO:SPARSE:0.3864:0.5455:0.7500:0.9773:1.0000:1.0000
2016-12-26 20:07:20,527:INFO:GLOBAL:0.3600:0.5200:0.7400:0.9800:1.0000:1.0000
2016-12-26 20:07:20,527:INFO:SPARSE:0.3864:0.5455:0.7500:0.9773:1.0000:1.0000
2016-12-26 20:07:20,750:INFO:GLOBAL:0.3600:0.5200:0.7400:0.9800:1.0000:1.0000
2016-12-26 20:07:20,750:INFO:SPARSE:0.3864:0.5455:0.7500:0.9773:1.0000:1.0000
2016-12-26 20:07:20,976:INFO:GLOBAL:0.3600:0.5200:0.7400:0.9800:1.0000:1.0000
2016-12-26 20:07:20,976:INFO:SPARSE:0.3864:0.5455:0.7500:0.9773:1.0000:1.0000
2016-12-26 20:07:21,102:INFO:GLOBAL:0.3800:0.5200:0.7400:0.9800:1.0000:1.0000
2016-12-26 20:07:21,102:INFO:SPARSE:0.4091:0.5455:0.7500:0.9773:1.0000:1.0000
2016-12-26 20:07:21,229:INFO:GLOBAL:0.3800:0.5200:0.7400:0.9800:1.0000:1.0000
2016-12-26 20:07:21,229:INFO:SPARSE:0.4091:0.5455:0.7500:0.9773:1.0000:1.0000
2016-12-26 20:07:21,451:INFO:GLOBAL:0.3800:0.5200:0.7400:0.9800:1.0000:1.0000
2016-12-26 20:07:21,452:INFO:SPARSE:0.4091:0.5455:0.7500:0.9773:1.0000:1.0000
2016-12-26 20:07:21,573:INFO:GLOBAL:0.3800:0.5200:0.7400:0.9800:1.0000:1.0000
2016-12-26 20:07:21,574:INFO:SPARSE:0.4091:0.5455:0.7500:0.9773:1.0000:1.0000
2016-12-26 20:07:21,697:INFO:GLOBAL:0.3800:0.5200:0.7400:0.9800:1.0000:1.0000
2016-12-26 20:07:21,697:INFO:SPARSE:0.4091:0.5455:0.7500:0.9773:1.0000:1.0000
2016-12-26 20:07:21,922:INFO:GLOBAL:0.3800:0.5200:0.7400:0.9800:1.0000:1.0000
2016-12-26 20:07:21,922:INFO:SPARSE:0.4091:0.5455:0.7500:0.9773:1.0000:1.0000
2016-12-26 20:07:22,049:INFO:GLOBAL:0.3800:0.5200:0.7400:0.9800:1.0000:1.0000
2016-12-26 20:07:22,049:INFO:SPARSE:0.4091:0.5455:0.7500:0.9773:1.0000:1.0000
2016-12-26 20:07:22,177:INFO:GLOBAL:0.4000:0.5200:0.7400:0.9800:1.0000:1.0000
2016-12-26 20:07:22,177:INFO:SPARSE:0.4091:0.5455:0.7500:0.9773:1.0000:1.0000
2016-12-26 20:07:22,402:INFO:GLOBAL:0.4000:0.5400:0.7400:0.9800:1.0000:1.0000
2016-12-26 20:07:22,403:INFO:SPARSE:0.4091:0.5455:0.7500:0.9773:1.0000:1.0000
2016-12-26 20:07:22,530:INFO:GLOBAL:0.4000:0.5400:0.7400:0.9800:1.0000:1.0000
2016-12-26 20:07:22,531:INFO:SPARSE:0.4091:0.5455:0.7500:0.9773:1.0000:1.0000
2016-12-26 20:07:22,656:INFO:GLOBAL:0.4000:0.5400:0.7400:0.9800:1.0000:1.0000
2016-12-26 20:07:22,657:INFO:SPARSE:0.4091:0.5455:0.7500:0.9773:1.0000:1.0000
2016-12-26 20:07:22,783:INFO:GLOBAL:0.4000:0.5400:0.7400:0.9800:1.0000:1.0000
2016-12-26 20:07:22,783:INFO:SPARSE:0.4091:0.5455:0.7500:0.9773:1.0000:1.0000
2016-12-26 20:07:23,006:INFO:GLOBAL:0.4000:0.5600:0.7400:0.9800:1.0000:1.0000
2016-12-26 20:07:23,006:INFO:SPARSE:0.4091:0.5682:0.7500:0.9773:1.0000:1.0000
2016-12-26 20:07:23,132:INFO:GLOBAL:0.4000:0.5600:0.7400:0.9800:1.0000:1.0000
2016-12-26 20:07:23,132:INFO:SPARSE:0.4091:0.5682:0.7500:0.9773:1.0000:1.0000
2016-12-26 20:07:23,257:INFO:GLOBAL:0.4000:0.5600:0.7400:0.9800:1.0000:1.0000
2016-12-26 20:07:23,257:INFO:SPARSE:0.4091:0.5682:0.7500:0.9773:1.0000:1.0000
