2016-12-26 11:03:59,307:INFO:Begin to initialize features
2016-12-26 11:03:59,309:INFO:Loading Testing Cases
2016-12-26 11:03:59,309:INFO:50 testing cases, 44 sparse item testing cases
2016-12-26 11:03:59,442:INFO:GLOBAL:0.1800:0.4200:0.5800:0.8400:1.0000:1.0000
2016-12-26 11:03:59,442:INFO:SPARSE:0.2045:0.4773:0.6591:0.9545:1.0000:1.0000
2016-12-26 11:03:59,668:INFO:GLOBAL:0.1800:0.4200:0.5800:0.8200:1.0000:1.0000
2016-12-26 11:03:59,669:INFO:SPARSE:0.2045:0.4773:0.6591:0.9318:1.0000:1.0000
2016-12-26 11:03:59,795:INFO:GLOBAL:0.1800:0.4200:0.5800:0.9000:1.0000:1.0000
2016-12-26 11:03:59,795:INFO:SPARSE:0.2045:0.4773:0.6591:0.8864:1.0000:1.0000
2016-12-26 11:04:00,024:INFO:GLOBAL:0.1800:0.4200:0.5800:0.9000:1.0000:1.0000
2016-12-26 11:04:00,025:INFO:SPARSE:0.2045:0.4773:0.6591:0.8864:1.0000:1.0000
2016-12-26 11:04:00,251:INFO:GLOBAL:0.1800:0.4200:0.5800:0.9000:1.0000:1.0000
2016-12-26 11:04:00,252:INFO:SPARSE:0.2045:0.4773:0.6591:0.8864:1.0000:1.0000
2016-12-26 11:04:00,375:INFO:GLOBAL:0.1800:0.4200:0.5800:0.9000:1.0000:1.0000
2016-12-26 11:04:00,375:INFO:SPARSE:0.2045:0.4773:0.6591:0.8864:1.0000:1.0000
2016-12-26 11:04:00,500:INFO:GLOBAL:0.1800:0.4200:0.5800:0.9200:1.0000:1.0000
2016-12-26 11:04:00,501:INFO:SPARSE:0.2045:0.4773:0.6591:0.9091:1.0000:1.0000
2016-12-26 11:04:00,627:INFO:GLOBAL:0.1800:0.4200:0.5800:0.9400:1.0000:1.0000
2016-12-26 11:04:00,627:INFO:SPARSE:0.2045:0.4773:0.6591:0.9318:1.0000:1.0000
2016-12-26 11:04:00,753:INFO:GLOBAL:0.1800:0.4200:0.5800:0.9000:1.0000:1.0000
2016-12-26 11:04:00,753:INFO:SPARSE:0.2045:0.4773:0.6591:0.8864:1.0000:1.0000
2016-12-26 11:04:00,877:INFO:GLOBAL:0.1800:0.4200:0.5800:0.9200:1.0000:1.0000
2016-12-26 11:04:00,877:INFO:SPARSE:0.2045:0.4773:0.6591:0.9091:1.0000:1.0000
2016-12-26 11:04:01,002:INFO:GLOBAL:0.1800:0.4200:0.5800:0.9200:1.0000:1.0000
2016-12-26 11:04:01,002:INFO:SPARSE:0.2045:0.4773:0.6591:0.9091:1.0000:1.0000
2016-12-26 11:04:01,129:INFO:GLOBAL:0.1800:0.4200:0.5800:0.9400:1.0000:1.0000
2016-12-26 11:04:01,130:INFO:SPARSE:0.2045:0.4773:0.6591:0.9318:1.0000:1.0000
2016-12-26 11:04:01,353:INFO:GLOBAL:0.1800:0.4200:0.5800:0.9200:1.0000:1.0000
2016-12-26 11:04:01,353:INFO:SPARSE:0.2045:0.4773:0.6591:0.9091:1.0000:1.0000
2016-12-26 11:04:01,479:INFO:GLOBAL:0.1800:0.4200:0.5800:0.9000:1.0000:1.0000
2016-12-26 11:04:01,479:INFO:SPARSE:0.2045:0.4773:0.6591:0.8864:1.0000:1.0000
2016-12-26 11:04:01,702:INFO:GLOBAL:0.1800:0.4200:0.6400:0.9200:1.0000:1.0000
2016-12-26 11:04:01,702:INFO:SPARSE:0.2045:0.4773:0.6364:0.9091:1.0000:1.0000
2016-12-26 11:04:01,928:INFO:GLOBAL:0.2400:0.4200:0.6800:0.9200:1.0000:1.0000
2016-12-26 11:04:01,929:INFO:SPARSE:0.2727:0.4773:0.6364:0.9091:1.0000:1.0000
2016-12-26 11:04:02,054:INFO:GLOBAL:0.2400:0.4200:0.6800:0.9200:1.0000:1.0000
2016-12-26 11:04:02,054:INFO:SPARSE:0.2727:0.4773:0.6364:0.9091:1.0000:1.0000
2016-12-26 11:04:02,176:INFO:GLOBAL:0.2400:0.4200:0.6800:0.9000:1.0000:1.0000
2016-12-26 11:04:02,177:INFO:SPARSE:0.2727:0.4773:0.6364:0.8864:1.0000:1.0000
2016-12-26 11:04:02,299:INFO:GLOBAL:0.2600:0.4200:0.6800:0.9000:1.0000:1.0000
2016-12-26 11:04:02,300:INFO:SPARSE:0.2955:0.4773:0.6364:0.8864:1.0000:1.0000
2016-12-26 11:04:02,522:INFO:GLOBAL:0.2600:0.4200:0.6800:0.9000:1.0000:1.0000
2016-12-26 11:04:02,523:INFO:SPARSE:0.2955:0.4773:0.6364:0.8864:1.0000:1.0000
2016-12-26 11:04:02,648:INFO:GLOBAL:0.2600:0.4200:0.6800:0.9200:1.0000:1.0000
2016-12-26 11:04:02,649:INFO:SPARSE:0.2955:0.4773:0.6364:0.9091:1.0000:1.0000
2016-12-26 11:04:02,774:INFO:GLOBAL:0.2600:0.4200:0.6800:0.9200:1.0000:1.0000
2016-12-26 11:04:02,774:INFO:SPARSE:0.2955:0.4773:0.6364:0.9091:1.0000:1.0000
2016-12-26 11:04:03,001:INFO:GLOBAL:0.3000:0.4200:0.6800:0.9000:1.0000:1.0000
2016-12-26 11:04:03,002:INFO:SPARSE:0.3409:0.4773:0.6364:0.8864:1.0000:1.0000
2016-12-26 11:04:03,128:INFO:GLOBAL:0.3200:0.4200:0.7000:0.9000:1.0000:1.0000
2016-12-26 11:04:03,129:INFO:SPARSE:0.3636:0.4773:0.6591:0.8864:1.0000:1.0000
2016-12-26 11:04:03,251:INFO:GLOBAL:0.3400:0.4800:0.7400:0.9200:1.0000:1.0000
2016-12-26 11:04:03,251:INFO:SPARSE:0.3864:0.5455:0.7045:0.9091:1.0000:1.0000
2016-12-26 11:04:03,376:INFO:GLOBAL:0.3200:0.4600:0.7400:0.9000:1.0000:1.0000
2016-12-26 11:04:03,376:INFO:SPARSE:0.3636:0.5227:0.7045:0.8864:1.0000:1.0000
2016-12-26 11:04:03,501:INFO:GLOBAL:0.3200:0.4600:0.7400:0.9000:1.0000:1.0000
2016-12-26 11:04:03,501:INFO:SPARSE:0.3636:0.5227:0.7045:0.8864:1.0000:1.0000
2016-12-26 11:04:03,725:INFO:GLOBAL:0.3000:0.4600:0.7400:0.9000:1.0000:1.0000
2016-12-26 11:04:03,725:INFO:SPARSE:0.3409:0.5227:0.7045:0.8864:1.0000:1.0000
2016-12-26 11:04:03,850:INFO:GLOBAL:0.3200:0.4600:0.7400:0.9000:1.0000:1.0000
2016-12-26 11:04:03,851:INFO:SPARSE:0.3636:0.5227:0.7045:0.8864:1.0000:1.0000
2016-12-26 11:04:04,076:INFO:GLOBAL:0.3400:0.5200:0.7400:0.9400:1.0000:1.0000
2016-12-26 11:04:04,077:INFO:SPARSE:0.3864:0.4545:0.7045:0.9318:1.0000:1.0000
2016-12-26 11:04:04,202:INFO:GLOBAL:0.3200:0.5200:0.7400:0.9000:1.0000:1.0000
2016-12-26 11:04:04,203:INFO:SPARSE:0.3636:0.4545:0.7045:0.8864:1.0000:1.0000
2016-12-26 11:04:04,324:INFO:GLOBAL:0.3200:0.5200:0.7400:0.9000:1.0000:1.0000
2016-12-26 11:04:04,325:INFO:SPARSE:0.3636:0.4545:0.7045:0.8864:1.0000:1.0000
2016-12-26 11:04:04,448:INFO:GLOBAL:0.3200:0.5200:0.7400:0.9200:1.0000:1.0000
2016-12-26 11:04:04,448:INFO:SPARSE:0.3636:0.4545:0.7045:0.9091:1.0000:1.0000
2016-12-26 11:04:04,573:INFO:GLOBAL:0.3400:0.5200:0.7400:0.9200:1.0000:1.0000
2016-12-26 11:04:04,574:INFO:SPARSE:0.3864:0.4545:0.7045:0.9091:1.0000:1.0000
2016-12-26 11:04:04,699:INFO:GLOBAL:0.3400:0.5200:0.7400:0.9200:1.0000:1.0000
2016-12-26 11:04:04,700:INFO:SPARSE:0.3864:0.4545:0.7045:0.9091:1.0000:1.0000
2016-12-26 11:04:04,925:INFO:GLOBAL:0.3200:0.5200:0.7400:0.9200:1.0000:1.0000
2016-12-26 11:04:04,925:INFO:SPARSE:0.3636:0.4545:0.7045:0.9091:1.0000:1.0000
2016-12-26 11:04:05,050:INFO:GLOBAL:0.3200:0.5200:0.7400:0.9200:1.0000:1.0000
2016-12-26 11:04:05,050:INFO:SPARSE:0.3636:0.4545:0.7045:0.9091:1.0000:1.0000
2016-12-26 11:04:05,175:INFO:GLOBAL:0.3200:0.5200:0.7800:0.9200:1.0000:1.0000
2016-12-26 11:04:05,176:INFO:SPARSE:0.3636:0.4545:0.7500:0.9091:1.0000:1.0000
2016-12-26 11:04:05,301:INFO:GLOBAL:0.3200:0.5200:0.7400:0.9200:1.0000:1.0000
2016-12-26 11:04:05,302:INFO:SPARSE:0.3636:0.4545:0.7045:0.9091:1.0000:1.0000
2016-12-26 11:04:05,426:INFO:GLOBAL:0.3200:0.5200:0.7800:0.9200:1.0000:1.0000
2016-12-26 11:04:05,427:INFO:SPARSE:0.3636:0.4545:0.7500:0.9091:1.0000:1.0000
2016-12-26 11:04:05,548:INFO:GLOBAL:0.3200:0.5200:0.7800:0.9200:1.0000:1.0000
2016-12-26 11:04:05,548:INFO:SPARSE:0.3636:0.4545:0.7500:0.9091:1.0000:1.0000
2016-12-26 11:04:05,672:INFO:GLOBAL:0.3200:0.5200:0.7800:0.9200:1.0000:1.0000
2016-12-26 11:04:05,673:INFO:SPARSE:0.3636:0.4545:0.7500:0.9091:1.0000:1.0000
2016-12-26 11:04:05,798:INFO:GLOBAL:0.3200:0.5200:0.7800:0.9200:1.0000:1.0000
2016-12-26 11:04:05,799:INFO:SPARSE:0.3636:0.4545:0.7500:0.9091:1.0000:1.0000
2016-12-26 11:04:06,027:INFO:GLOBAL:0.3200:0.5200:0.7800:0.9200:1.0000:1.0000
2016-12-26 11:04:06,027:INFO:SPARSE:0.3636:0.4545:0.7500:0.9091:1.0000:1.0000
2016-12-26 11:04:06,150:INFO:GLOBAL:0.3200:0.5200:0.7800:0.9200:1.0000:1.0000
2016-12-26 11:04:06,151:INFO:SPARSE:0.3636:0.4545:0.7500:0.9091:1.0000:1.0000
2016-12-26 11:04:06,276:INFO:GLOBAL:0.3200:0.5200:0.7800:0.9200:1.0000:1.0000
2016-12-26 11:04:06,276:INFO:SPARSE:0.3636:0.4545:0.7500:0.9091:1.0000:1.0000
2016-12-26 11:04:06,399:INFO:GLOBAL:0.3200:0.5200:0.7800:0.9200:1.0000:1.0000
2016-12-26 11:04:06,399:INFO:SPARSE:0.3636:0.4545:0.7500:0.9091:1.0000:1.0000
2016-12-26 11:04:06,624:INFO:GLOBAL:0.3200:0.5200:0.7800:0.9200:1.0000:1.0000
2016-12-26 11:04:06,624:INFO:SPARSE:0.3636:0.4545:0.7500:0.9091:1.0000:1.0000
2016-12-26 11:04:06,848:INFO:GLOBAL:0.3200:0.5200:0.7800:0.9200:1.0000:1.0000
2016-12-26 11:04:06,849:INFO:SPARSE:0.3636:0.4545:0.7500:0.9091:1.0000:1.0000
2016-12-26 11:04:06,974:INFO:GLOBAL:0.3200:0.5200:0.7800:0.9200:1.0000:1.0000
2016-12-26 11:04:06,975:INFO:SPARSE:0.3636:0.4545:0.7500:0.9091:1.0000:1.0000
2016-12-26 11:04:07,203:INFO:GLOBAL:0.3200:0.5200:0.7800:0.9200:1.0000:1.0000
2016-12-26 11:04:07,203:INFO:SPARSE:0.3636:0.4545:0.7500:0.9091:1.0000:1.0000
2016-12-26 11:04:07,327:INFO:GLOBAL:0.3200:0.5800:0.7800:0.9200:1.0000:1.0000
2016-12-26 11:04:07,327:INFO:SPARSE:0.3636:0.5227:0.7500:0.9091:1.0000:1.0000
2016-12-26 11:04:07,450:INFO:GLOBAL:0.3200:0.6000:0.7800:0.9200:1.0000:1.0000
2016-12-26 11:04:07,450:INFO:SPARSE:0.3636:0.5455:0.7500:0.9091:1.0000:1.0000
2016-12-26 11:04:07,679:INFO:GLOBAL:0.3200:0.6000:0.7800:0.9200:1.0000:1.0000
2016-12-26 11:04:07,680:INFO:SPARSE:0.3636:0.5455:0.7500:0.9091:1.0000:1.0000
2016-12-26 11:04:07,803:INFO:GLOBAL:0.3200:0.6000:0.7800:0.9200:1.0000:1.0000
2016-12-26 11:04:07,803:INFO:SPARSE:0.3636:0.5455:0.7500:0.9091:1.0000:1.0000
2016-12-26 11:04:08,028:INFO:GLOBAL:0.3200:0.6000:0.7800:0.9200:1.0000:1.0000
2016-12-26 11:04:08,028:INFO:SPARSE:0.3636:0.5455:0.7500:0.9091:1.0000:1.0000
2016-12-26 11:04:08,151:INFO:GLOBAL:0.3200:0.5800:0.7800:0.9200:1.0000:1.0000
2016-12-26 11:04:08,151:INFO:SPARSE:0.3636:0.5227:0.7500:0.9091:1.0000:1.0000
2016-12-26 11:04:08,278:INFO:GLOBAL:0.3200:0.5800:0.7800:0.9200:1.0000:1.0000
2016-12-26 11:04:08,278:INFO:SPARSE:0.3636:0.5227:0.7500:0.9091:1.0000:1.0000
2016-12-26 11:04:08,401:INFO:GLOBAL:0.3200:0.6000:0.7800:0.9200:1.0000:1.0000
2016-12-26 11:04:08,402:INFO:SPARSE:0.3636:0.5455:0.7500:0.9091:1.0000:1.0000
2016-12-26 11:04:08,624:INFO:GLOBAL:0.3200:0.5800:0.7800:0.9200:1.0000:1.0000
2016-12-26 11:04:08,624:INFO:SPARSE:0.3636:0.5227:0.7500:0.9091:1.0000:1.0000
2016-12-26 11:04:08,749:INFO:GLOBAL:0.3200:0.5800:0.7800:0.9200:1.0000:1.0000
2016-12-26 11:04:08,750:INFO:SPARSE:0.3636:0.5227:0.7500:0.9091:1.0000:1.0000
2016-12-26 11:04:08,875:INFO:GLOBAL:0.3200:0.6000:0.7800:0.9200:1.0000:1.0000
2016-12-26 11:04:08,875:INFO:SPARSE:0.3636:0.5455:0.7500:0.9091:1.0000:1.0000
2016-12-26 11:04:09,104:INFO:GLOBAL:0.3200:0.5800:0.7800:0.9200:1.0000:1.0000
2016-12-26 11:04:09,105:INFO:SPARSE:0.3636:0.5227:0.7500:0.9091:1.0000:1.0000
2016-12-26 11:04:09,229:INFO:GLOBAL:0.3200:0.5800:0.7800:0.9200:1.0000:1.0000
2016-12-26 11:04:09,230:INFO:SPARSE:0.3636:0.5227:0.7500:0.9091:1.0000:1.0000
2016-12-26 11:04:09,354:INFO:GLOBAL:0.3200:0.5800:0.7800:0.9200:1.0000:1.0000
2016-12-26 11:04:09,355:INFO:SPARSE:0.3636:0.5227:0.7500:0.9091:1.0000:1.0000
2016-12-26 11:04:09,482:INFO:GLOBAL:0.3200:0.6200:0.7800:0.9200:1.0000:1.0000
2016-12-26 11:04:09,483:INFO:SPARSE:0.3636:0.5682:0.7500:0.9091:1.0000:1.0000
2016-12-26 11:04:09,706:INFO:GLOBAL:0.4200:0.6600:0.7800:0.9200:1.0000:1.0000
2016-12-26 11:04:09,707:INFO:SPARSE:0.3409:0.6136:0.7500:0.9091:1.0000:1.0000
2016-12-26 11:04:09,830:INFO:GLOBAL:0.4000:0.6400:0.7800:0.9200:1.0000:1.0000
2016-12-26 11:04:09,830:INFO:SPARSE:0.3182:0.5909:0.7500:0.9091:1.0000:1.0000
2016-12-26 11:04:10,057:INFO:GLOBAL:0.4000:0.6400:0.7800:0.9200:1.0000:1.0000
2016-12-26 11:04:10,058:INFO:SPARSE:0.3182:0.5909:0.7500:0.9091:1.0000:1.0000
2016-12-26 11:04:10,183:INFO:GLOBAL:0.4000:0.6200:0.7800:0.9200:1.0000:1.0000
2016-12-26 11:04:10,183:INFO:SPARSE:0.3182:0.5682:0.7500:0.9091:1.0000:1.0000
2016-12-26 11:04:10,447:INFO:GLOBAL:0.4000:0.6200:0.7800:0.9200:1.0000:1.0000
2016-12-26 11:04:10,448:INFO:SPARSE:0.3182:0.5682:0.7500:0.9091:1.0000:1.0000
2016-12-26 11:04:10,686:INFO:GLOBAL:0.4000:0.6200:0.7800:0.9200:1.0000:1.0000
2016-12-26 11:04:10,686:INFO:SPARSE:0.3182:0.5682:0.7500:0.9091:1.0000:1.0000
2016-12-26 11:04:10,810:INFO:GLOBAL:0.4000:0.6200:0.7800:0.9200:1.0000:1.0000
2016-12-26 11:04:10,810:INFO:SPARSE:0.3182:0.5682:0.7500:0.9091:1.0000:1.0000
2016-12-26 11:04:10,937:INFO:GLOBAL:0.4200:0.6200:0.7800:0.9200:1.0000:1.0000
2016-12-26 11:04:10,937:INFO:SPARSE:0.3409:0.5682:0.7500:0.9091:1.0000:1.0000
2016-12-26 11:04:11,064:INFO:GLOBAL:0.4000:0.6200:0.7800:0.9200:1.0000:1.0000
2016-12-26 11:04:11,064:INFO:SPARSE:0.3182:0.5682:0.7500:0.9091:1.0000:1.0000
2016-12-26 11:04:11,188:INFO:GLOBAL:0.4000:0.6200:0.7800:0.9200:1.0000:1.0000
2016-12-26 11:04:11,189:INFO:SPARSE:0.3182:0.5682:0.7500:0.9091:1.0000:1.0000
2016-12-26 11:04:11,314:INFO:GLOBAL:0.4200:0.6200:0.7800:0.9200:1.0000:1.0000
2016-12-26 11:04:11,314:INFO:SPARSE:0.3409:0.5682:0.7500:0.9091:1.0000:1.0000
2016-12-26 11:04:11,437:INFO:GLOBAL:0.4200:0.6200:0.7800:0.9200:1.0000:1.0000
2016-12-26 11:04:11,437:INFO:SPARSE:0.3409:0.5682:0.7500:0.9091:1.0000:1.0000
2016-12-26 11:04:11,562:INFO:GLOBAL:0.4200:0.6200:0.7800:0.9200:1.0000:1.0000
2016-12-26 11:04:11,562:INFO:SPARSE:0.3409:0.5682:0.7500:0.9091:1.0000:1.0000
2016-12-26 11:04:11,688:INFO:GLOBAL:0.4200:0.6200:0.7800:0.9200:1.0000:1.0000
2016-12-26 11:04:11,688:INFO:SPARSE:0.3409:0.5682:0.7500:0.9091:1.0000:1.0000
2016-12-26 11:04:11,812:INFO:GLOBAL:0.4000:0.6200:0.7800:0.9200:1.0000:1.0000
2016-12-26 11:04:11,812:INFO:SPARSE:0.3182:0.5682:0.7500:0.9091:1.0000:1.0000
2016-12-26 11:04:11,936:INFO:GLOBAL:0.4000:0.6200:0.7800:0.9200:1.0000:1.0000
2016-12-26 11:04:11,937:INFO:SPARSE:0.3182:0.5682:0.7500:0.9091:1.0000:1.0000
2016-12-26 11:04:12,166:INFO:GLOBAL:0.4000:0.6200:0.7800:0.9200:1.0000:1.0000
2016-12-26 11:04:12,166:INFO:SPARSE:0.3182:0.5682:0.7500:0.9091:1.0000:1.0000
2016-12-26 11:04:12,288:INFO:GLOBAL:0.4000:0.6200:0.7800:0.9200:1.0000:1.0000
2016-12-26 11:04:12,288:INFO:SPARSE:0.3182:0.5682:0.7500:0.9091:1.0000:1.0000
2016-12-26 11:04:12,412:INFO:GLOBAL:0.4000:0.6200:0.7800:0.9200:1.0000:1.0000
2016-12-26 11:04:12,412:INFO:SPARSE:0.3182:0.5682:0.7500:0.9091:1.0000:1.0000
2016-12-26 11:04:12,639:INFO:GLOBAL:0.4000:0.6200:0.7800:0.9200:1.0000:1.0000
2016-12-26 11:04:12,640:INFO:SPARSE:0.3182:0.5682:0.7500:0.9091:1.0000:1.0000
2016-12-26 11:04:12,864:INFO:GLOBAL:0.4000:0.6200:0.7800:0.9200:1.0000:1.0000
2016-12-26 11:04:12,864:INFO:SPARSE:0.3182:0.5682:0.7500:0.9091:1.0000:1.0000
2016-12-26 11:04:12,987:INFO:GLOBAL:0.4000:0.6200:0.7800:0.9200:1.0000:1.0000
2016-12-26 11:04:12,987:INFO:SPARSE:0.3182:0.5682:0.7500:0.9091:1.0000:1.0000
2016-12-26 11:04:13,113:INFO:GLOBAL:0.4000:0.6200:0.7800:0.9200:1.0000:1.0000
2016-12-26 11:04:13,113:INFO:SPARSE:0.3182:0.5682:0.7500:0.9091:1.0000:1.0000
2016-12-26 11:04:13,238:INFO:GLOBAL:0.4000:0.6200:0.7800:0.9200:1.0000:1.0000
2016-12-26 11:04:13,239:INFO:SPARSE:0.3182:0.5682:0.7500:0.9091:1.0000:1.0000
2016-12-26 11:04:13,466:INFO:GLOBAL:0.4000:0.6200:0.7800:0.9200:1.0000:1.0000
2016-12-26 11:04:13,466:INFO:SPARSE:0.3182:0.5682:0.7500:0.9091:1.0000:1.0000
2016-12-26 11:04:13,588:INFO:GLOBAL:0.4000:0.6200:0.7800:0.9200:1.0000:1.0000
2016-12-26 11:04:13,589:INFO:SPARSE:0.3182:0.5682:0.7500:0.9091:1.0000:1.0000
2016-12-26 11:04:13,813:INFO:GLOBAL:0.4000:0.6200:0.7800:0.9200:1.0000:1.0000
2016-12-26 11:04:13,813:INFO:SPARSE:0.3182:0.5682:0.7500:0.9091:1.0000:1.0000
2016-12-26 11:04:13,937:INFO:GLOBAL:0.4000:0.6200:0.7800:0.9200:1.0000:1.0000
2016-12-26 11:04:13,937:INFO:SPARSE:0.3182:0.5682:0.7500:0.9091:1.0000:1.0000
2016-12-26 11:04:14,061:INFO:GLOBAL:0.4000:0.6200:0.7800:0.9200:1.0000:1.0000
2016-12-26 11:04:14,061:INFO:SPARSE:0.3182:0.5682:0.7500:0.9091:1.0000:1.0000
2016-12-26 11:04:14,182:INFO:GLOBAL:0.4000:0.6200:0.8200:0.9200:1.0000:1.0000
2016-12-26 11:04:14,182:INFO:SPARSE:0.3182:0.5682:0.7955:0.9091:1.0000:1.0000
2016-12-26 11:04:14,305:INFO:GLOBAL:0.4000:0.6200:0.8200:0.9200:1.0000:1.0000
2016-12-26 11:04:14,305:INFO:SPARSE:0.3182:0.5682:0.7955:0.9091:1.0000:1.0000
2016-12-26 11:04:14,431:INFO:GLOBAL:0.4000:0.6200:0.8200:0.9200:1.0000:1.0000
2016-12-26 11:04:14,431:INFO:SPARSE:0.3182:0.5682:0.7955:0.9091:1.0000:1.0000
2016-12-26 11:04:14,555:INFO:GLOBAL:0.4000:0.6200:0.8200:0.9200:1.0000:1.0000
2016-12-26 11:04:14,555:INFO:SPARSE:0.3182:0.5682:0.7955:0.9091:1.0000:1.0000
2016-12-26 11:04:14,681:INFO:GLOBAL:0.4000:0.6200:0.8200:0.9200:1.0000:1.0000
2016-12-26 11:04:14,682:INFO:SPARSE:0.3182:0.5682:0.7955:0.9091:1.0000:1.0000
